[08:29:33.410] [LOGGER      ] File logging enabled: logs/simulation.log
[08:29:33.421] [Kernel      ] Kernel initialized - timeQuantum=2ms, maxMemory=3
[08:29:33.423] [Kernel      ] Created process: Process[pid=1, name=Chrome, state=READY, priority=2, remaining=10]
[08:29:33.424] [Kernel      ] Created process: Process[pid=2, name=VSCode, state=READY, priority=1, remaining=8]
[08:29:33.424] [Kernel      ] Created process: Process[pid=3, name=Spotify, state=READY, priority=3, remaining=6]
[08:29:33.426] [Kernel      ] Created process: Process[pid=4, name=Terminal, state=READY, priority=2, remaining=4]
[08:29:33.427] [Kernel      ] Created process: Process[pid=5, name=Calculator, state=READY, priority=4, remaining=2]
[08:29:33.439] [Kernel      ] P2 executed for 2ms (remaining: 6ms)
[08:29:33.650] [Kernel      ] P2 executed for 2ms (remaining: 4ms)
[08:29:33.866] [Kernel      ] P2 executed for 2ms (remaining: 2ms)
[08:29:34.084] [Kernel      ] P2 executed for 2ms (remaining: 0ms)
[08:29:34.085] [Kernel      ] P2 TERMINATED
[08:29:34.298] [Kernel      ] P1 executed for 2ms (remaining: 8ms)
[08:29:34.502] [Kernel      ] P4 executed for 2ms (remaining: 2ms)
[08:29:34.722] [Kernel      ] P1 executed for 2ms (remaining: 6ms)
[08:29:34.928] [Kernel      ] P4 executed for 2ms (remaining: 0ms)
[08:29:34.928] [Kernel      ] P4 TERMINATED
[08:29:35.146] [Kernel      ] P1 executed for 2ms (remaining: 4ms)
[08:29:35.365] [Kernel      ] P1 executed for 2ms (remaining: 2ms)
[08:29:35.568] [Kernel      ] P1 executed for 2ms (remaining: 0ms)
[08:29:35.569] [Kernel      ] P1 TERMINATED
[08:29:35.784] [Kernel      ] P3 executed for 2ms (remaining: 4ms)
[08:29:35.991] [Kernel      ] P3 executed for 2ms (remaining: 2ms)
[08:29:36.206] [Kernel      ] P3 executed for 2ms (remaining: 0ms)
[08:29:36.207] [Kernel      ] P3 TERMINATED
[08:29:36.426] [Kernel      ] P5 executed for 2ms (remaining: 0ms)
[08:29:36.427] [Kernel      ] P5 TERMINATED
────────────────────────────────────────────────────────────
[08:29:36.686] [Kernel      ] SIMULATION COMPLETE
────────────────────────────────────────────────────────────
[08:29:36.686] [Kernel      ] Total simulation time: 30ms
[08:29:36.688] [Kernel      ] Context switches: 15
[08:29:36.688] [Kernel      ] Avg dispatch time: 2.570ms
[08:29:36.689] [Kernel      ] Process Statistics:
[08:29:36.691] [Stats       ] +-----+------------+------------+-------------+--------------+
[08:29:36.691] [Stats       ] | PID | Name       | State      | Turnaround  | Waiting Time |
[08:29:36.691] [Stats       ] +-----+------------+------------+-------------+--------------+
[08:29:36.691] [Stats       ] |   1 | Chrome     | TERMINATED |     2147ms  |      2137ms  |
[08:29:36.691] [Stats       ] |   2 | VSCode     | TERMINATED |      662ms  |       654ms  |
[08:29:36.692] [Stats       ] |   3 | Spotify    | TERMINATED |     2783ms  |      2777ms  |
[08:29:36.692] [Stats       ] |   4 | Terminal   | TERMINATED |     1504ms  |      1500ms  |
[08:29:36.692] [Stats       ] |   5 | Calculator | TERMINATED |     3001ms  |      2999ms  |
[08:29:36.692] [Stats       ] +-----+------------+------------+-------------+--------------+
[08:29:36.692] [LOGGER      ] Closing log file
