16:26:44.247 [com.ossimulator.ui.Visual] DEBUG Logger               - Configured Logger
16:26:44.256 [com.ossimulator.ui.Visual] DEBUG GameApplication      - Logging settings
Title: OS Kernel Visualizer - Fully Integrated
Version: 7.0
Width: 1600
Height: 900
Fullscreen: false
Intro: false
Profiling: false
Single step:false
App Mode: DEVELOPER
Menu Key: ESCAPE
Stage Style: DECORATED
Scene Factory: class com.almasb.fxgl.app.scene.SceneFactory

16:26:49.448 [JavaFX Application Thread] DEBUG FXGLApplication      - Initializing FXGL
16:26:49.450 [JavaFX Application Thread] INFO  Engine               - FXGL-17.3 (30.03.2023 11.49) on MAC (J:17.0.15 FX:20)
16:26:49.450 [JavaFX Application Thread] DEBUG Engine               - JRE Vendor Name: Homebrew
16:26:49.451 [JavaFX Application Thread] DEBUG Engine               - Running on OS: Mac OS X version 26.2
16:26:49.451 [JavaFX Application Thread] DEBUG Engine               - Architecture: aarch64
16:26:49.451 [JavaFX Application Thread] INFO  Engine               - Source code and latest versions at: https://github.com/AlmasB/FXGL
16:26:49.451 [JavaFX Application Thread] INFO  Engine               -       Ask questions and discuss at: https://github.com/AlmasB/FXGL/discussions
16:26:49.451 [JavaFX Application Thread] INFO  Engine               -              Join the FXGL chat at: https://gitter.im/AlmasB/FXGL
16:26:49.497 [JavaFX Application Thread] DEBUG PrimaryStageWindow   - Creating a JavaFX scene
16:26:49.515 [JavaFX Application Thread] DEBUG PrimaryStageWindow   - Target settings size: 1600.0 x 900.0
16:26:49.515 [JavaFX Application Thread] DEBUG PrimaryStageWindow   - Scaled scene size:    1600.0 x 900.0
16:26:49.515 [JavaFX Application Thread] DEBUG PrimaryStageWindow   - Scaled ratio: (1.0, 1.0)
16:26:49.515 [JavaFX Application Thread] DEBUG PrimaryStageWindow   - Set initial scene to FXGLStartupScene
16:26:49.516 [JavaFX Application Thread] DEBUG PrimaryStageWindow   - Opening main window
16:26:49.589 [JavaFX Application Thread] DEBUG PrimaryStageWindow   - Window border size: (0.0, 28.0)
16:26:49.589 [JavaFX Application Thread] DEBUG PrimaryStageWindow   - Scaled size: 1600.0 x 900.0
16:26:49.589 [JavaFX Application Thread] DEBUG PrimaryStageWindow   - Scaled ratio: (1.0, 1.0)
16:26:49.589 [JavaFX Application Thread] DEBUG PrimaryStageWindow   - Scene size: 1600.0 x 900.0
16:26:49.589 [JavaFX Application Thread] DEBUG PrimaryStageWindow   - Stage size: 1600.0 x 928.0
16:26:49.591 [FXGL Background Thread 1 ] DEBUG Engine               - Initializing environment variables
16:26:49.601 [FXGL Background Thread 1 ] DEBUG FXGLAssetLoaderServi - User app class for loading assets: class com.ossimulator.ui.VisualMain
16:26:49.601 [FXGL Background Thread 1 ] DEBUG GameApplicationServi - Applying CSS: fxgl_dark.css
16:26:49.601 [FXGL Background Thread 1 ] DEBUG FXGLAssetLoaderServi - Loading from file system: jar:file:/Users/ngotrung/.m2/repository/com/github/almasb/fxgl/17.3/fxgl-17.3.jar!/fxglassets/ui/css/fxgl_dark.css
16:26:49.620 [FXGL Background Thread 1 ] DEBUG GameApplicationServi - Initializing application scenes
16:26:49.744 [FXGL Background Thread 1 ] DEBUG GameWorld            - Game world initialized
16:26:49.766 [FXGL Background Thread 1 ] DEBUG PhysicsWorld         - Physics world initialized: appHeight=900, physics.ppm=50.0
16:26:49.766 [FXGL Background Thread 1 ] DEBUG PhysicsWorld         - Using strategy: BRUTE_FORCE
16:26:49.767 [FXGL Background Thread 1 ] DEBUG GameScene            - Game scene initialized: 1600x900
16:26:49.767 [FXGL Background Thread 1 ] DEBUG GameApplicationServi - Application scenes initialized
16:26:49.774 [FXGL Background Thread 1 ] DEBUG SystemBundleService  - Loading FXGL system data
16:26:49.776 [FXGL Background Thread 1 ] DEBUG FileSystemAccess     - Reading from: /Users/ngotrung/TeamProject/system/fxgl.bundle
16:26:49.778 [FXGL Background Thread 1 ] DEBUG SystemBundleService  - Bundle FXGL: {}
16:26:49.778 [FXGL Background Thread 1 ] DEBUG UpdaterService       - Checking for updates
16:26:49.780 [FXGL Background Thread 4 ] DEBUG FXGLApplication      - Loading fonts
16:26:49.780 [FXGL Background Thread 4 ] DEBUG FXGLAssetLoaderServi - Loading from file system: jar:file:/Users/ngotrung/.m2/repository/com/github/almasb/fxgl/17.3/fxgl-17.3.jar!/fxglassets/ui/fonts/VarelaRound-Regular.ttf
16:26:49.780 [FXGL Background Thread 1 ] DEBUG FXGLApplication      - Loading default localization
16:26:49.780 [FXGL Background Thread 1 ] DEBUG FXGLAssetLoaderServi - Loading from file system: jar:file:/Users/ngotrung/.m2/repository/com/github/almasb/fxgl/17.3/fxgl-17.3.jar!/fxglassets/languages/english.lang
16:26:49.788 [FXGL Background Thread 1 ] INFO  FXGLApplication      - FXGL initialization took: 0.196 sec
16:26:49.788 [JavaFX Application Thread] DEBUG FXGLAssetLoaderServi - Loading from file system: jar:file:/Users/ngotrung/.m2/repository/com/github/almasb/fxgl/17.3/fxgl-17.3.jar!/fxglassets/textures/fxgl_icon.png
16:26:49.788 [FXGL Background Thread 4 ] DEBUG FXGLAssetLoaderServi - Loading from file system: jar:file:/Users/ngotrung/.m2/repository/com/github/almasb/fxgl/17.3/fxgl-17.3.jar!/fxglassets/ui/fonts/Abel-Regular.ttf
16:26:49.790 [FXGL Background Thread 4 ] DEBUG FXGLAssetLoaderServi - Loading from file system: jar:file:/Users/ngotrung/.m2/repository/com/github/almasb/fxgl/17.3/fxgl-17.3.jar!/fxglassets/ui/fonts/TerminalLandMono-Regular.otf
16:26:49.794 [FXGL Background Thread 4 ] DEBUG FXGLAssetLoaderServi - Loading from file system: jar:file:/Users/ngotrung/.m2/repository/com/github/almasb/fxgl/17.3/fxgl-17.3.jar!/fxglassets/ui/fonts/Courier-Prime.ttf
16:26:49.827 [JavaFX Application Thread] DEBUG FXGLAssetLoaderServi - Loading from file system: jar:file:/Users/ngotrung/.m2/repository/com/github/almasb/fxgl/17.3/fxgl-17.3.jar!/fxglassets/textures/fxgl_default_cursor.png
16:26:49.833 [JavaFX Application Thread] DEBUG Input                - Registered new binding: Screenshot - CTRL+8
16:26:49.833 [JavaFX Application Thread] DEBUG Input                - Registered new binding: System info dump - CTRL+9
16:26:49.833 [JavaFX Application Thread] DEBUG Input                - Registered new binding: Restart - CTRL+R
16:26:49.833 [JavaFX Application Thread] DEBUG Input                - Registered new binding: Toggle Debug Camera - CTRL+7
16:26:49.834 [JavaFX Application Thread] DEBUG LoopRunner           - Starting loop
16:26:49.834 [JavaFX Application Thread] DEBUG LoopRunner           - Initializing JavaFX AnimationTimerLoop
16:26:49.834 [JavaFX Application Thread] DEBUG GameApplicationServi - Starting new game
16:26:49.834 [JavaFX Application Thread] DEBUG Input                - Clearing active input actions
16:26:49.839 [JavaFX Application Thread] DEBUG GameApplicationServi - Removing overlay from FXGLStartupScene and adding to FXGLLoadingScene
16:26:49.839 [JavaFX Application Thread] DEBUG PrimaryStageWindow   - FXGLStartupScene -> FXGLLoadingScene
16:26:49.839 [JavaFX Application Thread] DEBUG GameApplicationServi - Clearing previous game
16:26:49.839 [JavaFX Application Thread] DEBUG GameScene            - Clearing game scene
16:26:49.839 [JavaFX Application Thread] DEBUG GameWorld            - Clearing game world
16:26:49.839 [JavaFX Application Thread] DEBUG PhysicsWorld         - Clearing physics world
16:26:49.839 [FXGL Background Thread 4 ] DEBUG FXGLApplication      - Initializing game
16:26:49.842 [JavaFX Application Thread] DEBUG FXGLApplication      - Registering font factories with UI factory
16:26:49.869 [JavaFX Application Thread] DEBUG LoopRunner           - Stopping loop
16:26:49.870 [JavaFX Application Thread] FATAL FXGLApplication      - Uncaught Exception:
java.lang.RuntimeException: Initialization failed
	at com.almasb.fxgl.app.FXGLApplication$InitAppTask.failed(FXGLApplication.kt:343)
	at javafx.concurrent.Task.setState(Task.java:710)
	at javafx.concurrent.Task$TaskCallable.lambda$call$2(Task.java:1456)
	at com.sun.javafx.application.PlatformImpl.lambda$runLater$10(PlatformImpl.java:456)
	at java.base/java.security.AccessController.doPrivileged(AccessController.java:399)
	at com.sun.javafx.application.PlatformImpl.lambda$runLater$11(PlatformImpl.java:455)
	at com.sun.glass.ui.InvokeLaterDispatcher$Future.run(InvokeLaterDispatcher.java:95)
Caused by: java.lang.RuntimeException: HBox.translateX : A bound value cannot be set.
	at javafx.beans.property.DoublePropertyBase.set(DoublePropertyBase.java:144)
	at javafx.css.StyleableDoubleProperty.set(StyleableDoubleProperty.java:82)
	at javafx.scene.Node.setTranslateX(Node.java:5521)
	at com.almasb.fxgl.dsl.FXGL$Companion.addUINode(FXGL.kt:715)
	at com.almasb.fxgl.dsl.FXGL.addUINode(FXGL.kt)
	at com.ossimulator.ui.VisualMain.initUI(VisualMain.java:194)
	at com.almasb.fxgl.app.FXGLApplication$InitAppTask.call(FXGLApplication.kt:321)
	at com.almasb.fxgl.app.FXGLApplication$InitAppTask.call(FXGLApplication.kt:311)
	at javafx.concurrent.Task$TaskCallable.call(Task.java:1426)
	at java.base/java.util.concurrent.FutureTask.run(FutureTask.java:264)
	at java.base/java.util.concurrent.Executors$RunnableAdapter.call(Executors.java:539)
	at java.base/java.util.concurrent.FutureTask.run(FutureTask.java:264)
	at java.base/java.util.concurrent.ThreadPoolExecutor.runWorker(ThreadPoolExecutor.java:1136)
	at java.base/java.util.concurrent.ThreadPoolExecutor$Worker.run(ThreadPoolExecutor.java:635)
	at java.base/java.lang.Thread.run(Thread.java:840)

16:26:49.870 [JavaFX Application Thread] FATAL FXGLApplication      - Application will now exit
16:26:49.880 [JavaFX Application Thread] DEBUG PrimaryStageWindow   - Push state: ErrorSubScene
16:26:49.880 [JavaFX Application Thread] DEBUG Input                - Clearing active input actions
16:26:49.882 [JavaFX Application Thread] DEBUG GameApplicationServi - Removing overlay from FXGLLoadingScene and adding to ErrorSubScene
16:26:49.882 [JavaFX Application Thread] DEBUG PrimaryStageWindow   - FXGLLoadingScene -> ErrorSubScene
16:26:50.483 [FXGL Background Thread 2 ] INFO  UpdaterService       - Your current version:  17.3
16:26:50.483 [FXGL Background Thread 2 ] INFO  UpdaterService       - Latest stable version: 21.1
16:26:51.974 [JavaFX Application Thread] DEBUG FXGLApplication      - Exiting FXGL
16:26:51.974 [JavaFX Application Thread] DEBUG Async                - Shutting down background threads
16:26:51.974 [JavaFX Application Thread] DEBUG PrimaryStageWindow   - Closing main window
16:26:51.980 [JavaFX Application Thread] DEBUG Logger               - Closing Logger
