16:43:35.631 [com.ossimulator.ui.Visual] DEBUG Logger               - Configured Logger
16:43:35.639 [com.ossimulator.ui.Visual] DEBUG GameApplication      - Logging settings
Title: OS Kernel Visualizer - Fully Integrated
Version: 7.0
Width: 1600
Height: 900
Fullscreen: false
Intro: false
Profiling: false
Single step:false
App Mode: DEVELOPER
Menu Key: ESCAPE
Stage Style: DECORATED
Scene Factory: class com.almasb.fxgl.app.scene.SceneFactory

16:43:40.871 [JavaFX Application Thread] DEBUG FXGLApplication      - Initializing FXGL
16:43:40.873 [JavaFX Application Thread] INFO  Engine               - FXGL-17.3 (30.03.2023 11.49) on MAC (J:17.0.15 FX:20)
16:43:40.874 [JavaFX Application Thread] DEBUG Engine               - JRE Vendor Name: Homebrew
16:43:40.874 [JavaFX Application Thread] DEBUG Engine               - Running on OS: Mac OS X version 26.2
16:43:40.874 [JavaFX Application Thread] DEBUG Engine               - Architecture: aarch64
16:43:40.874 [JavaFX Application Thread] INFO  Engine               - Source code and latest versions at: https://github.com/AlmasB/FXGL
16:43:40.874 [JavaFX Application Thread] INFO  Engine               -       Ask questions and discuss at: https://github.com/AlmasB/FXGL/discussions
16:43:40.874 [JavaFX Application Thread] INFO  Engine               -              Join the FXGL chat at: https://gitter.im/AlmasB/FXGL
16:43:40.922 [JavaFX Application Thread] DEBUG PrimaryStageWindow   - Creating a JavaFX scene
16:43:40.943 [JavaFX Application Thread] DEBUG PrimaryStageWindow   - Target settings size: 1600.0 x 900.0
16:43:40.943 [JavaFX Application Thread] DEBUG PrimaryStageWindow   - Scaled scene size:    1600.0 x 900.0
16:43:40.943 [JavaFX Application Thread] DEBUG PrimaryStageWindow   - Scaled ratio: (1.0, 1.0)
16:43:40.944 [JavaFX Application Thread] DEBUG PrimaryStageWindow   - Set initial scene to FXGLStartupScene
16:43:40.945 [JavaFX Application Thread] DEBUG PrimaryStageWindow   - Opening main window
16:43:41.005 [JavaFX Application Thread] DEBUG PrimaryStageWindow   - Window border size: (0.0, 28.0)
16:43:41.006 [JavaFX Application Thread] DEBUG PrimaryStageWindow   - Scaled size: 1600.0 x 900.0
16:43:41.006 [JavaFX Application Thread] DEBUG PrimaryStageWindow   - Scaled ratio: (1.0, 1.0)
16:43:41.006 [JavaFX Application Thread] DEBUG PrimaryStageWindow   - Scene size: 1600.0 x 900.0
16:43:41.006 [JavaFX Application Thread] DEBUG PrimaryStageWindow   - Stage size: 1600.0 x 928.0
16:43:41.009 [FXGL Background Thread 1 ] DEBUG Engine               - Initializing environment variables
16:43:41.019 [FXGL Background Thread 1 ] DEBUG FXGLAssetLoaderServi - User app class for loading assets: class com.ossimulator.ui.VisualMain
16:43:41.019 [FXGL Background Thread 1 ] DEBUG GameApplicationServi - Applying CSS: fxgl_dark.css
16:43:41.019 [FXGL Background Thread 1 ] DEBUG FXGLAssetLoaderServi - Loading from file system: jar:file:/Users/ngotrung/.m2/repository/com/github/almasb/fxgl/17.3/fxgl-17.3.jar!/fxglassets/ui/css/fxgl_dark.css
16:43:41.047 [FXGL Background Thread 1 ] DEBUG GameApplicationServi - Initializing application scenes
16:43:41.162 [FXGL Background Thread 1 ] DEBUG GameWorld            - Game world initialized
16:43:41.185 [FXGL Background Thread 1 ] DEBUG PhysicsWorld         - Physics world initialized: appHeight=900, physics.ppm=50.0
16:43:41.185 [FXGL Background Thread 1 ] DEBUG PhysicsWorld         - Using strategy: BRUTE_FORCE
16:43:41.187 [FXGL Background Thread 1 ] DEBUG GameScene            - Game scene initialized: 1600x900
16:43:41.187 [FXGL Background Thread 1 ] DEBUG GameApplicationServi - Application scenes initialized
16:43:41.194 [FXGL Background Thread 1 ] DEBUG SystemBundleService  - Loading FXGL system data
16:43:41.196 [FXGL Background Thread 1 ] DEBUG FileSystemAccess     - Reading from: /Users/ngotrung/TeamProject/system/fxgl.bundle
16:43:41.198 [FXGL Background Thread 1 ] DEBUG SystemBundleService  - Bundle FXGL: {}
16:43:41.198 [FXGL Background Thread 1 ] DEBUG UpdaterService       - Checking for updates
16:43:41.200 [FXGL Background Thread 4 ] DEBUG FXGLApplication      - Loading fonts
16:43:41.200 [FXGL Background Thread 1 ] DEBUG FXGLApplication      - Loading default localization
16:43:41.200 [FXGL Background Thread 4 ] DEBUG FXGLAssetLoaderServi - Loading from file system: jar:file:/Users/ngotrung/.m2/repository/com/github/almasb/fxgl/17.3/fxgl-17.3.jar!/fxglassets/ui/fonts/VarelaRound-Regular.ttf
16:43:41.201 [FXGL Background Thread 1 ] DEBUG FXGLAssetLoaderServi - Loading from file system: jar:file:/Users/ngotrung/.m2/repository/com/github/almasb/fxgl/17.3/fxgl-17.3.jar!/fxglassets/languages/english.lang
16:43:41.209 [FXGL Background Thread 4 ] DEBUG FXGLAssetLoaderServi - Loading from file system: jar:file:/Users/ngotrung/.m2/repository/com/github/almasb/fxgl/17.3/fxgl-17.3.jar!/fxglassets/ui/fonts/Abel-Regular.ttf
16:43:41.211 [FXGL Background Thread 1 ] INFO  FXGLApplication      - FXGL initialization took: 0.202 sec
16:43:41.211 [FXGL Background Thread 4 ] DEBUG FXGLAssetLoaderServi - Loading from file system: jar:file:/Users/ngotrung/.m2/repository/com/github/almasb/fxgl/17.3/fxgl-17.3.jar!/fxglassets/ui/fonts/TerminalLandMono-Regular.otf
16:43:41.211 [JavaFX Application Thread] DEBUG FXGLAssetLoaderServi - Loading from file system: jar:file:/Users/ngotrung/.m2/repository/com/github/almasb/fxgl/17.3/fxgl-17.3.jar!/fxglassets/textures/fxgl_icon.png
16:43:41.213 [FXGL Background Thread 4 ] DEBUG FXGLAssetLoaderServi - Loading from file system: jar:file:/Users/ngotrung/.m2/repository/com/github/almasb/fxgl/17.3/fxgl-17.3.jar!/fxglassets/ui/fonts/Courier-Prime.ttf
16:43:41.247 [JavaFX Application Thread] DEBUG FXGLAssetLoaderServi - Loading from file system: jar:file:/Users/ngotrung/.m2/repository/com/github/almasb/fxgl/17.3/fxgl-17.3.jar!/fxglassets/textures/fxgl_default_cursor.png
16:43:41.252 [JavaFX Application Thread] DEBUG Input                - Registered new binding: Screenshot - CTRL+8
16:43:41.252 [JavaFX Application Thread] DEBUG Input                - Registered new binding: System info dump - CTRL+9
16:43:41.252 [JavaFX Application Thread] DEBUG Input                - Registered new binding: Restart - CTRL+R
16:43:41.252 [JavaFX Application Thread] DEBUG Input                - Registered new binding: Toggle Debug Camera - CTRL+7
16:43:41.253 [JavaFX Application Thread] DEBUG LoopRunner           - Starting loop
16:43:41.253 [JavaFX Application Thread] DEBUG LoopRunner           - Initializing JavaFX AnimationTimerLoop
16:43:41.254 [JavaFX Application Thread] DEBUG GameApplicationServi - Starting new game
16:43:41.254 [JavaFX Application Thread] DEBUG Input                - Clearing active input actions
16:43:41.258 [JavaFX Application Thread] DEBUG GameApplicationServi - Removing overlay from FXGLStartupScene and adding to FXGLLoadingScene
16:43:41.258 [JavaFX Application Thread] DEBUG PrimaryStageWindow   - FXGLStartupScene -> FXGLLoadingScene
16:43:41.258 [JavaFX Application Thread] DEBUG GameApplicationServi - Clearing previous game
16:43:41.258 [JavaFX Application Thread] DEBUG GameScene            - Clearing game scene
16:43:41.258 [JavaFX Application Thread] DEBUG GameWorld            - Clearing game world
16:43:41.259 [JavaFX Application Thread] DEBUG PhysicsWorld         - Clearing physics world
16:43:41.259 [FXGL Background Thread 4 ] DEBUG FXGLApplication      - Initializing game
16:43:41.262 [JavaFX Application Thread] DEBUG FXGLApplication      - Registering font factories with UI factory
16:43:41.287 [JavaFX Application Thread] DEBUG LoopRunner           - Stopping loop
16:43:41.288 [JavaFX Application Thread] FATAL FXGLApplication      - Uncaught Exception:
java.lang.RuntimeException: Initialization failed
	at com.almasb.fxgl.app.FXGLApplication$InitAppTask.failed(FXGLApplication.kt:343)
	at javafx.concurrent.Task.setState(Task.java:710)
	at javafx.concurrent.Task$TaskCallable.lambda$call$2(Task.java:1456)
	at com.sun.javafx.application.PlatformImpl.lambda$runLater$10(PlatformImpl.java:456)
	at java.base/java.security.AccessController.doPrivileged(AccessController.java:399)
	at com.sun.javafx.application.PlatformImpl.lambda$runLater$11(PlatformImpl.java:455)
	at com.sun.glass.ui.InvokeLaterDispatcher$Future.run(InvokeLaterDispatcher.java:95)
Caused by: java.lang.RuntimeException: HBox.translateX : A bound value cannot be set.
	at javafx.beans.property.DoublePropertyBase.set(DoublePropertyBase.java:144)
	at javafx.css.StyleableDoubleProperty.set(StyleableDoubleProperty.java:82)
	at javafx.scene.Node.setTranslateX(Node.java:5521)
	at com.almasb.fxgl.dsl.FXGL$Companion.addUINode(FXGL.kt:715)
	at com.almasb.fxgl.dsl.FXGL.addUINode(FXGL.kt)
	at com.ossimulator.ui.VisualMain.initUI(VisualMain.java:144)
	at com.almasb.fxgl.app.FXGLApplication$InitAppTask.call(FXGLApplication.kt:321)
	at com.almasb.fxgl.app.FXGLApplication$InitAppTask.call(FXGLApplication.kt:311)
	at javafx.concurrent.Task$TaskCallable.call(Task.java:1426)
	at java.base/java.util.concurrent.FutureTask.run(FutureTask.java:264)
	at java.base/java.util.concurrent.Executors$RunnableAdapter.call(Executors.java:539)
	at java.base/java.util.concurrent.FutureTask.run(FutureTask.java:264)
	at java.base/java.util.concurrent.ThreadPoolExecutor.runWorker(ThreadPoolExecutor.java:1136)
	at java.base/java.util.concurrent.ThreadPoolExecutor$Worker.run(ThreadPoolExecutor.java:635)
	at java.base/java.lang.Thread.run(Thread.java:840)

16:43:41.288 [JavaFX Application Thread] FATAL FXGLApplication      - Application will now exit
16:43:41.299 [JavaFX Application Thread] DEBUG PrimaryStageWindow   - Push state: ErrorSubScene
16:43:41.299 [JavaFX Application Thread] DEBUG Input                - Clearing active input actions
16:43:41.301 [JavaFX Application Thread] DEBUG GameApplicationServi - Removing overlay from FXGLLoadingScene and adding to ErrorSubScene
16:43:41.302 [JavaFX Application Thread] DEBUG PrimaryStageWindow   - FXGLLoadingScene -> ErrorSubScene
16:43:42.045 [FXGL Background Thread 2 ] INFO  UpdaterService       - Your current version:  17.3
16:43:42.045 [FXGL Background Thread 2 ] INFO  UpdaterService       - Latest stable version: 21.1
16:43:44.200 [FXGL Background Thread 3 ] DEBUG Engine               - Logging environment variables
16:43:44.200 [FXGL Background Thread 3 ] DEBUG Engine               - achievements: []
16:43:44.200 [FXGL Background Thread 3 ] DEBUG Engine               - actualHeight: 900.0
16:43:44.200 [FXGL Background Thread 3 ] DEBUG Engine               - actualHeightProperty: ReadOnlyDoubleProperty [value: 900.0]
16:43:44.200 [FXGL Background Thread 3 ] DEBUG Engine               - actualWidth: 1600.0
16:43:44.200 [FXGL Background Thread 3 ] DEBUG Engine               - actualWidthProperty: ReadOnlyDoubleProperty [value: 1600.0]
16:43:44.200 [FXGL Background Thread 3 ] DEBUG Engine               - appIcon: fxgl_icon.png
16:43:44.200 [FXGL Background Thread 3 ] DEBUG Engine               - applicationMode: DEVELOPER
16:43:44.200 [FXGL Background Thread 3 ] DEBUG Engine               - cSSList: [fxgl_dark.css]
16:43:44.200 [FXGL Background Thread 3 ] DEBUG Engine               - collisionDetectionStrategy: BRUTE_FORCE
16:43:44.200 [FXGL Background Thread 3 ] DEBUG Engine               - configClass: Optional.empty
16:43:44.200 [FXGL Background Thread 3 ] DEBUG Engine               - credits: []
16:43:44.202 [FXGL Background Thread 3 ] DEBUG Engine               - defaultCursor: CursorInfo(imageName=fxgl_default_cursor.png, hotspotX=7.0, hotspotY=6.0)
16:43:44.202 [FXGL Background Thread 3 ] DEBUG Engine               - devBBoxColorProperty: ObjectProperty [value: 0xff0000ff]
16:43:44.202 [FXGL Background Thread 3 ] DEBUG Engine               - devEnableDebugCameraProperty: BooleanProperty [value: false]
16:43:44.202 [FXGL Background Thread 3 ] DEBUG Engine               - devSensorColorProperty: ObjectProperty [value: 0xffff00ff]
16:43:44.202 [FXGL Background Thread 3 ] DEBUG Engine               - devShowBBoxProperty: BooleanProperty [value: false]
16:43:44.202 [FXGL Background Thread 3 ] DEBUG Engine               - devShowPositionProperty: BooleanProperty [value: false]
16:43:44.202 [FXGL Background Thread 3 ] DEBUG Engine               - enabledMenuItems: []
16:43:44.202 [FXGL Background Thread 3 ] DEBUG Engine               - engineServices: [class com.almasb.fxgl.app.services.FXGLAssetLoaderService, class com.almasb.fxgl.app.FXGLApplication$GameApplicationService, class com.almasb.fxgl.app.services.FXGLDialogService, class com.almasb.fxgl.app.services.IOTaskExecutorService, class com.almasb.fxgl.io.FileSystemService, class com.almasb.fxgl.localization.LocalizationService, class com.almasb.fxgl.app.services.SystemBundleService, class com.almasb.fxgl.profile.SaveLoadService, class com.almasb.fxgl.ui.FXGLUIFactoryServiceProvider, class com.almasb.fxgl.ui.FXGLDialogFactoryServiceProvider, class com.almasb.fxgl.audio.AudioPlayer, class com.almasb.fxgl.notification.impl.NotificationServiceProvider, class com.almasb.fxgl.achievement.AchievementService, class com.almasb.fxgl.cutscene.CutsceneService, class com.almasb.fxgl.minigames.MiniGameService, class com.almasb.fxgl.net.NetService, class com.almasb.fxgl.app.services.UpdaterService, class com.almasb.fxgl.dev.DevService]
16:43:44.202 [FXGL Background Thread 3 ] DEBUG Engine               - fontGame: Abel-Regular.ttf
16:43:44.202 [FXGL Background Thread 3 ] DEBUG Engine               - fontMono: TerminalLandMono-Regular.otf
16:43:44.202 [FXGL Background Thread 3 ] DEBUG Engine               - fontSizeScaleUI: 1.0
16:43:44.202 [FXGL Background Thread 3 ] DEBUG Engine               - fontText: Courier-Prime.ttf
16:43:44.202 [FXGL Background Thread 3 ] DEBUG Engine               - fontUI: VarelaRound-Regular.ttf
16:43:44.202 [FXGL Background Thread 3 ] DEBUG Engine               - fullScreen: BooleanProperty [value: false]
16:43:44.202 [FXGL Background Thread 3 ] DEBUG Engine               - gameDifficulty: MEDIUM
16:43:44.203 [FXGL Background Thread 3 ] DEBUG Engine               - gameDifficultyProperty: ObjectProperty [value: MEDIUM]
16:43:44.203 [FXGL Background Thread 3 ] DEBUG Engine               - globalMusicVolume: 0.5
16:43:44.203 [FXGL Background Thread 3 ] DEBUG Engine               - globalMusicVolumeProperty: DoubleProperty [value: 0.5]
16:43:44.203 [FXGL Background Thread 3 ] DEBUG Engine               - globalSoundVolume: 0.5
16:43:44.203 [FXGL Background Thread 3 ] DEBUG Engine               - globalSoundVolumeProperty: DoubleProperty [value: 0.5]
16:43:44.203 [FXGL Background Thread 3 ] DEBUG Engine               - height: 900
16:43:44.203 [FXGL Background Thread 3 ] DEBUG Engine               - is3D: false
16:43:44.203 [FXGL Background Thread 3 ] DEBUG Engine               - isAndroid: false
16:43:44.203 [FXGL Background Thread 3 ] DEBUG Engine               - isBrowser: false
16:43:44.203 [FXGL Background Thread 3 ] DEBUG Engine               - isClickFeedbackEnabled: false
16:43:44.203 [FXGL Background Thread 3 ] DEBUG Engine               - isCloseConfirmation: false
16:43:44.203 [FXGL Background Thread 3 ] DEBUG Engine               - isDesktop: true
16:43:44.203 [FXGL Background Thread 3 ] DEBUG Engine               - isDeveloperMenuEnabled: false
16:43:44.203 [FXGL Background Thread 3 ] DEBUG Engine               - isEmbedded: false
16:43:44.203 [FXGL Background Thread 3 ] DEBUG Engine               - isEntityPreloadEnabled: true
16:43:44.203 [FXGL Background Thread 3 ] DEBUG Engine               - isExperimentalTiledLargeMap: false
16:43:44.203 [FXGL Background Thread 3 ] DEBUG Engine               - isFileSystemWriteAllowed: true
16:43:44.203 [FXGL Background Thread 3 ] DEBUG Engine               - isFullScreenAllowed: false
16:43:44.203 [FXGL Background Thread 3 ] DEBUG Engine               - isFullScreenFromStart: false
16:43:44.203 [FXGL Background Thread 3 ] DEBUG Engine               - isGameMenuEnabled: false
16:43:44.204 [FXGL Background Thread 3 ] DEBUG Engine               - isIOS: false
16:43:44.204 [FXGL Background Thread 3 ] DEBUG Engine               - isIntroEnabled: false
16:43:44.204 [FXGL Background Thread 3 ] DEBUG Engine               - isLinux: false
16:43:44.204 [FXGL Background Thread 3 ] DEBUG Engine               - isMac: true
16:43:44.204 [FXGL Background Thread 3 ] DEBUG Engine               - isMainMenuEnabled: false
16:43:44.204 [FXGL Background Thread 3 ] DEBUG Engine               - isManualResizeEnabled: false
16:43:44.204 [FXGL Background Thread 3 ] DEBUG Engine               - isMobile: false
16:43:44.204 [FXGL Background Thread 3 ] DEBUG Engine               - isNative: false
16:43:44.204 [FXGL Background Thread 3 ] DEBUG Engine               - isPauseMusicWhenMinimized: true
16:43:44.204 [FXGL Background Thread 3 ] DEBUG Engine               - isPreserveResizeRatio: false
16:43:44.204 [FXGL Background Thread 3 ] DEBUG Engine               - isProfilingEnabled: false
16:43:44.204 [FXGL Background Thread 3 ] DEBUG Engine               - isScaleAffectedOnResize: true
16:43:44.204 [FXGL Background Thread 3 ] DEBUG Engine               - isSingleStep: false
16:43:44.204 [FXGL Background Thread 3 ] DEBUG Engine               - isUserProfileEnabled: false
16:43:44.204 [FXGL Background Thread 3 ] DEBUG Engine               - isWindows: false
16:43:44.204 [FXGL Background Thread 3 ] DEBUG Engine               - language: ObjectProperty [value: ENGLISH]
16:43:44.204 [FXGL Background Thread 3 ] DEBUG Engine               - menuKey: ESCAPE
16:43:44.204 [FXGL Background Thread 3 ] DEBUG Engine               - mouseSensitivity: 0.2
16:43:44.204 [FXGL Background Thread 3 ] DEBUG Engine               - notificationViewClass: class com.almasb.fxgl.notification.view.XboxNotificationView
16:43:44.204 [FXGL Background Thread 3 ] DEBUG Engine               - pixelsPerMeter: 50.0
16:43:44.204 [FXGL Background Thread 3 ] DEBUG Engine               - platform: MAC
16:43:44.204 [FXGL Background Thread 3 ] DEBUG Engine               - prefHeightProperty: ReadOnlyDoubleProperty [value: 900.0]
16:43:44.204 [FXGL Background Thread 3 ] DEBUG Engine               - prefWidthProperty: ReadOnlyDoubleProperty [value: 1600.0]
16:43:44.204 [FXGL Background Thread 3 ] DEBUG Engine               - profileDir: profiles/
16:43:44.204 [FXGL Background Thread 3 ] DEBUG Engine               - profileName: StringProperty [value: DEFAULT]
16:43:44.204 [FXGL Background Thread 3 ] DEBUG Engine               - randomSeed: -1
16:43:44.205 [FXGL Background Thread 3 ] DEBUG Engine               - runtimeInfo: RuntimeInfo(platform=MAC, version=17.3, build=30.03.2023 11.49)
16:43:44.205 [FXGL Background Thread 3 ] DEBUG Engine               - saveFileExt: sav
16:43:44.205 [FXGL Background Thread 3 ] DEBUG Engine               - scaledHeightProp$fxgl: DoubleProperty [bound, value: 900.0]
16:43:44.205 [FXGL Background Thread 3 ] DEBUG Engine               - scaledWidthProp$fxgl: DoubleProperty [bound, value: 1600.0]
16:43:44.205 [FXGL Background Thread 3 ] DEBUG Engine               - sceneFactory: com.almasb.fxgl.app.scene.SceneFactory@6d4199
16:43:44.205 [FXGL Background Thread 3 ] DEBUG Engine               - secondsIn24h: 60
16:43:44.205 [FXGL Background Thread 3 ] DEBUG Engine               - soundMenuBack: menu/back.wav
16:43:44.205 [FXGL Background Thread 3 ] DEBUG Engine               - soundMenuPress: menu/press.wav
16:43:44.205 [FXGL Background Thread 3 ] DEBUG Engine               - soundMenuSelect: menu/select.wav
16:43:44.205 [FXGL Background Thread 3 ] DEBUG Engine               - soundNotification: core/notification.wav
16:43:44.205 [FXGL Background Thread 3 ] DEBUG Engine               - stageStyle: DECORATED
16:43:44.205 [FXGL Background Thread 3 ] DEBUG Engine               - supportedLanguages: [ENGLISH, FRENCH, GERMAN, HUNGARIAN, RUSSIAN]
16:43:44.205 [FXGL Background Thread 3 ] DEBUG Engine               - ticksPerSecond: -1
16:43:44.205 [FXGL Background Thread 3 ] DEBUG Engine               - title: OS Kernel Visualizer - Fully Integrated
16:43:44.205 [FXGL Background Thread 3 ] DEBUG Engine               - urlGithub: https://github.com/AlmasB/FXGL
16:43:44.205 [FXGL Background Thread 3 ] DEBUG Engine               - urlLeaderboard: http://fxgl-top.herokuapp.com/
16:43:44.205 [FXGL Background Thread 3 ] DEBUG Engine               - urlPOM: https://raw.githubusercontent.com/AlmasB/FXGL/release/README.md
16:43:44.205 [FXGL Background Thread 3 ] DEBUG Engine               - userAppClass: class com.ossimulator.ui.VisualMain
16:43:44.205 [FXGL Background Thread 3 ] DEBUG Engine               - version: 7.0
16:43:44.205 [FXGL Background Thread 3 ] DEBUG Engine               - versionCheckDays: 7
16:43:44.205 [FXGL Background Thread 3 ] DEBUG Engine               - width: 1600
16:43:44.205 [FXGL Background Thread 3 ] DEBUG Engine               - Logging services
16:43:44.205 [FXGL Background Thread 3 ] DEBUG Engine               - class com.almasb.fxgl.app.services.FXGLAssetLoaderService
16:43:44.205 [FXGL Background Thread 3 ] DEBUG Engine               - class com.almasb.fxgl.app.FXGLApplication$GameApplicationService
16:43:44.205 [FXGL Background Thread 3 ] DEBUG Engine               - class com.almasb.fxgl.app.services.FXGLDialogService
16:43:44.205 [FXGL Background Thread 3 ] DEBUG Engine               - class com.almasb.fxgl.app.services.IOTaskExecutorService
16:43:44.206 [FXGL Background Thread 3 ] DEBUG Engine               - class com.almasb.fxgl.io.FileSystemService
16:43:44.206 [FXGL Background Thread 3 ] DEBUG Engine               - class com.almasb.fxgl.localization.LocalizationService
16:43:44.206 [FXGL Background Thread 3 ] DEBUG Engine               - class com.almasb.fxgl.app.services.SystemBundleService
16:43:44.206 [FXGL Background Thread 3 ] DEBUG Engine               - class com.almasb.fxgl.profile.SaveLoadService
16:43:44.206 [FXGL Background Thread 3 ] DEBUG Engine               - class com.almasb.fxgl.ui.FXGLUIFactoryServiceProvider
16:43:44.206 [FXGL Background Thread 3 ] DEBUG Engine               - class com.almasb.fxgl.ui.FXGLDialogFactoryServiceProvider
16:43:44.206 [FXGL Background Thread 3 ] DEBUG Engine               - class com.almasb.fxgl.audio.AudioPlayer
16:43:44.206 [FXGL Background Thread 3 ] DEBUG Engine               - class com.almasb.fxgl.notification.impl.NotificationServiceProvider
16:43:44.206 [FXGL Background Thread 3 ] DEBUG Engine               - class com.almasb.fxgl.achievement.AchievementService
16:43:44.206 [FXGL Background Thread 3 ] DEBUG Engine               - class com.almasb.fxgl.cutscene.CutsceneService
16:43:44.206 [FXGL Background Thread 3 ] DEBUG Engine               - class com.almasb.fxgl.minigames.MiniGameService
16:43:44.206 [FXGL Background Thread 3 ] DEBUG Engine               - class com.almasb.fxgl.net.NetService
16:43:44.206 [FXGL Background Thread 3 ] DEBUG Engine               - class com.almasb.fxgl.app.services.UpdaterService
16:43:44.206 [FXGL Background Thread 3 ] DEBUG Engine               - class com.almasb.fxgl.dev.DevService
16:43:46.302 [JavaFX Application Thread] DEBUG FXGLApplication      - Exiting FXGL
16:43:46.302 [JavaFX Application Thread] DEBUG Async                - Shutting down background threads
16:43:46.302 [JavaFX Application Thread] DEBUG PrimaryStageWindow   - Closing main window
16:43:46.308 [JavaFX Application Thread] DEBUG Logger               - Closing Logger
